<?xml version="1.0" encoding="UTF-8"?>
<!-- Generated by org.testng.reporters.JUnitReportReporter -->
<testsuite hostname="DESKTOP-NBAG2P3" failures="0" tests="1" name="webapp.OrangeHRM" time="55.575" errors="0" timestamp="2022-12-03T12:56:50 IST" skipped="0">
  <testcase classname="webapp.OrangeHRM" name="testcase" time="55.575"/>
  <system-out/>
</testsuite> <!-- webapp.OrangeHRM -->
